app/build/intermediates/manifest_merge_blame_file/debug/manifest-merger-blame-debug-report.txt
1<?xml version="1.0" encoding="utf-8"?>
2<manifest xmlns:android="http://schemas.android.com/apk/res/android"
3    package="com.example.weatherandroidassignment"
4    android:versionCode="1"
5    android:versionName="1.0" >
6
7    <uses-sdk
8        android:minSdkVersion="21"
8-->src/main/AndroidManifest.xml
9        android:targetSdkVersion="29" />
9-->src/main/AndroidManifest.xml
10
11    <uses-permission android:name="android.permission.ACCESS_NETWORK_STATE" />
11-->src/main/AndroidManifest.xml:6:5-79
11-->src/main/AndroidManifest.xml:6:22-76
12    <uses-permission android:name="android.permission.INTERNET" />
12-->src/main/AndroidManifest.xml:7:5-67
12-->src/main/AndroidManifest.xml:7:22-64
13    <uses-permission android:name="android.permission.ACCESS_FINE_LOCATION" />
13-->src/main/AndroidManifest.xml:8:5-79
13-->src/main/AndroidManifest.xml:8:22-76
14    <uses-permission android:name="android.permission.ACCESS_COARSE_LOCATION" />
14-->src/main/AndroidManifest.xml:9:5-81
14-->src/main/AndroidManifest.xml:9:22-78
15
16    <application
16-->src/main/AndroidManifest.xml:11:5-35:19
17        android:name="com.example.weatherandroidassignment.WeatherApplication"
17-->src/main/AndroidManifest.xml:12:9-43
18        android:allowBackup="true"
18-->src/main/AndroidManifest.xml:13:9-35
19        android:appComponentFactory="androidx.core.app.CoreComponentFactory"
19-->[androidx.core:core:1.2.0] AndroidManifest.xml:24:18-86
20        android:debuggable="true"
21        android:icon="@drawable/logo"
21-->src/main/AndroidManifest.xml:14:9-38
22        android:label="@string/app_name"
22-->src/main/AndroidManifest.xml:15:9-41
23        android:networkSecurityConfig="@xml/network_security_config"
23-->src/main/AndroidManifest.xml:16:9-69
24        android:roundIcon="@drawable/logo"
24-->src/main/AndroidManifest.xml:17:9-43
25        android:supportsRtl="true"
25-->src/main/AndroidManifest.xml:18:9-35
26        android:testOnly="true"
27        android:theme="@style/AppTheme" >
27-->src/main/AndroidManifest.xml:19:9-40
28        <activity
28-->src/main/AndroidManifest.xml:22:9-30:20
29            android:name="com.example.weatherandroidassignment.ui.activity.SplashActivity"
29-->src/main/AndroidManifest.xml:23:13-55
30            android:screenOrientation="portrait" >
30-->src/main/AndroidManifest.xml:24:13-49
31            <intent-filter>
31-->src/main/AndroidManifest.xml:25:13-29:29
32                <action android:name="android.intent.action.MAIN" />
32-->src/main/AndroidManifest.xml:26:17-69
32-->src/main/AndroidManifest.xml:26:25-66
33
34                <category android:name="android.intent.category.LAUNCHER" />
34-->src/main/AndroidManifest.xml:28:17-77
34-->src/main/AndroidManifest.xml:28:27-74
35            </intent-filter>
36        </activity>
37
38        <meta-data
38-->src/main/AndroidManifest.xml:32:9-34:57
39            android:name="preloaded_fonts"
39-->src/main/AndroidManifest.xml:33:13-43
40            android:resource="@array/preloaded_fonts" />
40-->src/main/AndroidManifest.xml:34:13-54
41
42        <activity
42-->[com.google.android.gms:play-services-base:17.0.0] AndroidManifest.xml:23:9-26:75
43            android:name="com.google.android.gms.common.api.GoogleApiActivity"
43-->[com.google.android.gms:play-services-base:17.0.0] AndroidManifest.xml:24:13-79
44            android:exported="false"
44-->[com.google.android.gms:play-services-base:17.0.0] AndroidManifest.xml:25:13-37
45            android:theme="@android:style/Theme.Translucent.NoTitleBar" />
45-->[com.google.android.gms:play-services-base:17.0.0] AndroidManifest.xml:26:13-72
46
47        <meta-data
47-->[com.google.android.gms:play-services-basement:17.0.0] AndroidManifest.xml:23:9-25:69
48            android:name="com.google.android.gms.version"
48-->[com.google.android.gms:play-services-basement:17.0.0] AndroidManifest.xml:24:13-58
49            android:value="@integer/google_play_services_version" />
49-->[com.google.android.gms:play-services-basement:17.0.0] AndroidManifest.xml:25:13-66
50
51        <provider
51-->[androidx.lifecycle:lifecycle-process:2.2.0] AndroidManifest.xml:25:9-29:43
52            android:name="androidx.lifecycle.ProcessLifecycleOwnerInitializer"
52-->[androidx.lifecycle:lifecycle-process:2.2.0] AndroidManifest.xml:26:13-79
53            android:authorities="com.example.weatherandroidassignment.lifecycle-process"
53-->[androidx.lifecycle:lifecycle-process:2.2.0] AndroidManifest.xml:27:13-69
54            android:exported="false"
54-->[androidx.lifecycle:lifecycle-process:2.2.0] AndroidManifest.xml:28:13-37
55            android:multiprocess="true" />
55-->[androidx.lifecycle:lifecycle-process:2.2.0] AndroidManifest.xml:29:13-40
56    </application>
57
58</manifest>